
**** Build of configuration Debug for project aaa ****

"C:\\ti\\ccs1100\\ccs\\utils\\bin\\gmake" -k -j 8 all -O 
 
Building file: "C:/ti/ccs1100/ccs/workspace/inc/Clock.c"
Invoking: Arm Compiler
"C:/ti/ccs1100/ccs/tools/compiler/ti-cgt-arm_20.2.5.LTS/bin/armcl" -mv7M4 --code_state=16 --float_support=FPv4SPD16 -me --include_path="C:/ti/ccs1100/ccs/ccs_base/arm/include" --include_path="C:/ti/simplelink_msp432p4_sdk_3_40_01_02/source" --include_path="C:/ti/ccs1100/ccs/ccs_base/arm/include/CMSIS" --include_path="C:/ti/ccs1100/ccs/workspace/aaa" --include_path="C:/ti/ccs1100/ccs/workspace/inc" --include_path="E:/MSP432" --include_path="C:/ti/ccs1100/ccs/tools/compiler/ti-cgt-arm_20.2.5.LTS/include" --advice:power=all --define=__MSP432P401R__ --define=ccs -g --gcc --diag_warning=225 --diag_wrap=off --display_error_number --abi=eabi --preproc_with_compile --preproc_dependency="Clock.d_raw"  "C:/ti/ccs1100/ccs/workspace/inc/Clock.c"
Finished building: "C:/ti/ccs1100/ccs/workspace/inc/Clock.c"
 
Building file: "C:/ti/ccs1100/ccs/workspace/inc/DS1302.c"
Invoking: Arm Compiler
"C:/ti/ccs1100/ccs/tools/compiler/ti-cgt-arm_20.2.5.LTS/bin/armcl" -mv7M4 --code_state=16 --float_support=FPv4SPD16 -me --include_path="C:/ti/ccs1100/ccs/ccs_base/arm/include" --include_path="C:/ti/simplelink_msp432p4_sdk_3_40_01_02/source" --include_path="C:/ti/ccs1100/ccs/ccs_base/arm/include/CMSIS" --include_path="C:/ti/ccs1100/ccs/workspace/aaa" --include_path="C:/ti/ccs1100/ccs/workspace/inc" --include_path="E:/MSP432" --include_path="C:/ti/ccs1100/ccs/tools/compiler/ti-cgt-arm_20.2.5.LTS/include" --advice:power=all --define=__MSP432P401R__ --define=ccs -g --gcc --diag_warning=225 --diag_wrap=off --display_error_number --abi=eabi --preproc_with_compile --preproc_dependency="DS1302.d_raw"  "C:/ti/ccs1100/ccs/workspace/inc/DS1302.c"
"C:/ti/ccs1100/ccs/workspace/inc/DS1302.c", line 56: remark #2624-D: (ULP 5.4) Detected an assignment to a type with size less than int. To avoid unnecessary sign extension, use int-sized types for local varaibles and convert to smaller types for static storage.
"C:/ti/ccs1100/ccs/workspace/inc/DS1302.c", line 66: remark #2624-D: (ULP 5.4) Detected an assignment to a type with size less than int. To avoid unnecessary sign extension, use int-sized types for local varaibles and convert to smaller types for static storage.
"C:/ti/ccs1100/ccs/workspace/inc/DS1302.c", line 58: remark #2624-D: (ULP 5.4) Detected an assignment to a type with size less than int. To avoid unnecessary sign extension, use int-sized types for local varaibles and convert to smaller types for static storage.
"C:/ti/ccs1100/ccs/workspace/inc/DS1302.c", line 77: remark #2624-D: (ULP 5.4) Detected an assignment to a type with size less than int. To avoid unnecessary sign extension, use int-sized types for local varaibles and convert to smaller types for static storage.
"C:/ti/ccs1100/ccs/workspace/inc/DS1302.c", line 70: remark #2624-D: (ULP 5.4) Detected an assignment to a type with size less than int. To avoid unnecessary sign extension, use int-sized types for local varaibles and convert to smaller types for static storage.
"C:/ti/ccs1100/ccs/workspace/inc/DS1302.c", line 95: remark #2624-D: (ULP 5.4) Detected an assignment to a type with size less than int. To avoid unnecessary sign extension, use int-sized types for local varaibles and convert to smaller types for static storage.
"C:/ti/ccs1100/ccs/workspace/inc/DS1302.c", line 104: remark #2624-D: (ULP 5.4) Detected an assignment to a type with size less than int. To avoid unnecessary sign extension, use int-sized types for local varaibles and convert to smaller types for static storage.
"C:/ti/ccs1100/ccs/workspace/inc/DS1302.c", line 97: remark #2624-D: (ULP 5.4) Detected an assignment to a type with size less than int. To avoid unnecessary sign extension, use int-sized types for local varaibles and convert to smaller types for static storage.
"C:/ti/ccs1100/ccs/workspace/inc/DS1302.c", line 112: remark #2624-D: (ULP 5.4) Detected an assignment to a type with size less than int. To avoid unnecessary sign extension, use int-sized types for local varaibles and convert to smaller types for static storage.
"C:/ti/ccs1100/ccs/workspace/inc/DS1302.c", line 114: remark #2624-D: (ULP 5.4) Detected an assignment to a type with size less than int. To avoid unnecessary sign extension, use int-sized types for local varaibles and convert to smaller types for static storage.
"C:/ti/ccs1100/ccs/workspace/inc/DS1302.c", line 116: remark #2624-D: (ULP 5.4) Detected an assignment to a type with size less than int. To avoid unnecessary sign extension, use int-sized types for local varaibles and convert to smaller types for static storage.
"C:/ti/ccs1100/ccs/workspace/inc/DS1302.c", line 109: remark #2624-D: (ULP 5.4) Detected an assignment to a type with size less than int. To avoid unnecessary sign extension, use int-sized types for local varaibles and convert to smaller types for static storage.
"C:/ti/ccs1100/ccs/workspace/inc/DS1302.c", line 143: remark #2624-D: (ULP 5.4) Detected an assignment to a type with size less than int. To avoid unnecessary sign extension, use int-sized types for local varaibles and convert to smaller types for static storage.
"C:/ti/ccs1100/ccs/workspace/inc/DS1302.c", line 140: remark #2624-D: (ULP 5.4) Detected an assignment to a type with size less than int. To avoid unnecessary sign extension, use int-sized types for local varaibles and convert to smaller types for static storage.
Finished building: "C:/ti/ccs1100/ccs/workspace/inc/DS1302.c"
 
Building file: "C:/ti/ccs1100/ccs/workspace/inc/GPIO.c"
Invoking: Arm Compiler
"C:/ti/ccs1100/ccs/tools/compiler/ti-cgt-arm_20.2.5.LTS/bin/armcl" -mv7M4 --code_state=16 --float_support=FPv4SPD16 -me --include_path="C:/ti/ccs1100/ccs/ccs_base/arm/include" --include_path="C:/ti/simplelink_msp432p4_sdk_3_40_01_02/source" --include_path="C:/ti/ccs1100/ccs/ccs_base/arm/include/CMSIS" --include_path="C:/ti/ccs1100/ccs/workspace/aaa" --include_path="C:/ti/ccs1100/ccs/workspace/inc" --include_path="E:/MSP432" --include_path="C:/ti/ccs1100/ccs/tools/compiler/ti-cgt-arm_20.2.5.LTS/include" --advice:power=all --define=__MSP432P401R__ --define=ccs -g --gcc --diag_warning=225 --diag_wrap=off --display_error_number --abi=eabi --preproc_with_compile --preproc_dependency="GPIO.d_raw"  "C:/ti/ccs1100/ccs/workspace/inc/GPIO.c"
Finished building: "C:/ti/ccs1100/ccs/workspace/inc/GPIO.c"
 
Building file: "C:/ti/ccs1100/ccs/workspace/inc/UART0.c"
Invoking: Arm Compiler
"C:/ti/ccs1100/ccs/tools/compiler/ti-cgt-arm_20.2.5.LTS/bin/armcl" -mv7M4 --code_state=16 --float_support=FPv4SPD16 -me --include_path="C:/ti/ccs1100/ccs/ccs_base/arm/include" --include_path="C:/ti/simplelink_msp432p4_sdk_3_40_01_02/source" --include_path="C:/ti/ccs1100/ccs/ccs_base/arm/include/CMSIS" --include_path="C:/ti/ccs1100/ccs/workspace/aaa" --include_path="C:/ti/ccs1100/ccs/workspace/inc" --include_path="E:/MSP432" --include_path="C:/ti/ccs1100/ccs/tools/compiler/ti-cgt-arm_20.2.5.LTS/include" --advice:power=all --define=__MSP432P401R__ --define=ccs -g --gcc --diag_warning=225 --diag_wrap=off --display_error_number --abi=eabi --preproc_with_compile --preproc_dependency="UART0.d_raw"  "C:/ti/ccs1100/ccs/workspace/inc/UART0.c"
"C:/ti/ccs1100/ccs/workspace/inc/UART0.c", line 95: remark #1527-D: (ULP 2.1) Detected SW delay loop using empty loop. Recommend using a timer module instead
"C:/ti/ccs1100/ccs/workspace/inc/UART0.c", line 104: remark #1527-D: (ULP 2.1) Detected SW delay loop using empty loop. Recommend using a timer module instead
Finished building: "C:/ti/ccs1100/ccs/workspace/inc/UART0.c"
 
Building file: "E:/MSP432/key.c"
Invoking: Arm Compiler
"C:/ti/ccs1100/ccs/tools/compiler/ti-cgt-arm_20.2.5.LTS/bin/armcl" -mv7M4 --code_state=16 --float_support=FPv4SPD16 -me --include_path="C:/ti/ccs1100/ccs/ccs_base/arm/include" --include_path="C:/ti/simplelink_msp432p4_sdk_3_40_01_02/source" --include_path="C:/ti/ccs1100/ccs/ccs_base/arm/include/CMSIS" --include_path="C:/ti/ccs1100/ccs/workspace/aaa" --include_path="C:/ti/ccs1100/ccs/workspace/inc" --include_path="E:/MSP432" --include_path="C:/ti/ccs1100/ccs/tools/compiler/ti-cgt-arm_20.2.5.LTS/include" --advice:power=all --define=__MSP432P401R__ --define=ccs -g --gcc --diag_warning=225 --diag_wrap=off --display_error_number --abi=eabi --preproc_with_compile --preproc_dependency="key.d_raw"  "E:/MSP432/key.c"
 
>> Compilation failure
subdir_rules.mk:37: recipe for target 'key.obj' failed
"E:/MSP432/key.c", line 969: error #137: struct "ds1302time" has no field "minute"
"E:/MSP432/key.c", line 970: error #137: struct "ds1302time" has no field "second"
"E:/MSP432/key.c", line 1002: error #137: struct "ds1302time" has no field "minute"
"E:/MSP432/key.c", line 1003: error #137: struct "ds1302time" has no field "second"
4 errors detected in the compilation of "E:/MSP432/key.c".
gmake: *** [key.obj] Error 1
Building file: "E:/MSP432/systick.c"
Invoking: Arm Compiler
"C:/ti/ccs1100/ccs/tools/compiler/ti-cgt-arm_20.2.5.LTS/bin/armcl" -mv7M4 --code_state=16 --float_support=FPv4SPD16 -me --include_path="C:/ti/ccs1100/ccs/ccs_base/arm/include" --include_path="C:/ti/simplelink_msp432p4_sdk_3_40_01_02/source" --include_path="C:/ti/ccs1100/ccs/ccs_base/arm/include/CMSIS" --include_path="C:/ti/ccs1100/ccs/workspace/aaa" --include_path="C:/ti/ccs1100/ccs/workspace/inc" --include_path="E:/MSP432" --include_path="C:/ti/ccs1100/ccs/tools/compiler/ti-cgt-arm_20.2.5.LTS/include" --advice:power=all --define=__MSP432P401R__ --define=ccs -g --gcc --diag_warning=225 --diag_wrap=off --display_error_number --abi=eabi --preproc_with_compile --preproc_dependency="systick.d_raw"  "E:/MSP432/systick.c"
 
>> Compilation failure
subdir_rules.mk:58: recipe for target 'systick.obj' failed
"E:/MSP432/systick.c", line 11: error #137: struct "ds1302time" has no field "minute"
"E:/MSP432/systick.c", line 12: error #137: struct "ds1302time" has no field "second"
"E:/MSP432/systick.c", line 47: error #137: struct "ds1302time" has no field "minute"
"E:/MSP432/systick.c", line 77: error #167: too few arguments in function call
"E:/MSP432/systick.c", line 78: error #167: too few arguments in function call
"E:/MSP432/systick.c", line 79: error #167: too few arguments in function call
"E:/MSP432/systick.c", line 81: error #137: struct "ds1302time" has no field "minute"
"E:/MSP432/systick.c", line 82: error #137: struct "ds1302time" has no field "second"
"E:/MSP432/systick.c", line 84: warning #225-D: function "OLED_ShowCHinese" declared implicitly
"E:/MSP432/systick.c", line 85: error #137: struct "ds1302time" has no field "mouth"
"E:/MSP432/systick.c", line 87: error #137: struct "ds1302time" has no field "day"
"E:/MSP432/systick.c", line 126: error #167: too few arguments in function call
"E:/MSP432/systick.c", line 131: error #167: too few arguments in function call
"E:/MSP432/systick.c", line 134: error #167: too few arguments in function call
"E:/MSP432/systick.c", line 135: error #167: too few arguments in function call
"E:/MSP432/systick.c", line 136: error #167: too few arguments in function call
"E:/MSP432/systick.c", line 138: error #137: struct "ds1302time" has no field "minute"
"E:/MSP432/systick.c", line 139: error #137: struct "ds1302time" has no field "second"
"E:/MSP432/systick.c", line 141: warning #225-D: function "OLED_ShowCHinese" declared implicitly
"E:/MSP432/systick.c", line 142: error #137: struct "ds1302time" has no field "mouth"
"E:/MSP432/systick.c", line 144: error #137: struct "ds1302time" has no field "day"
"E:/MSP432/systick.c", line 184: warning #225-D: function "OLED_ShowCHinese" declared implicitly
"E:/MSP432/systick.c", line 195: error #167: too few arguments in function call
"E:/MSP432/systick.c", line 196: error #167: too few arguments in function call
"E:/MSP432/systick.c", line 197: error #167: too few arguments in function call
"E:/MSP432/systick.c", line 198: error #167: too few arguments in function call
"E:/MSP432/systick.c", line 204: error #167: too few arguments in function call
"E:/MSP432/systick.c", line 211: warning #225-D: function "OLED_ShowCHinese" declared implicitly
"E:/MSP432/systick.c", line 221: error #167: too few arguments in function call
"E:/MSP432/systick.c", line 222: error #167: too few arguments in function call
"E:/MSP432/systick.c", line 223: error #167: too few arguments in function call
"E:/MSP432/systick.c", line 232: warning #225-D: function "OLED_ShowCHinese" declared implicitly
"E:/MSP432/systick.c", line 243: error #167: too few arguments in function call
"E:/MSP432/systick.c", line 244: error #167: too few arguments in function call
"E:/MSP432/systick.c", line 245: error #167: too few arguments in function call
"E:/MSP432/systick.c", line 246: error #167: too few arguments in function call
"E:/MSP432/systick.c", line 261: error #167: too few arguments in function call
"E:/MSP432/systick.c", line 266: warning #225-D: function "OLED_ShowCHinese" declared implicitly
"E:/MSP432/systick.c", line 277: error #167: too few arguments in function call
"E:/MSP432/systick.c", line 279: error #167: too few arguments in function call
"E:/MSP432/systick.c", line 280: error #167: too few arguments in function call
"E:/MSP432/systick.c", line 289: warning #225-D: function "OLED_ShowCHinese" declared implicitly
"E:/MSP432/systick.c", line 300: error #167: too few arguments in function call
"E:/MSP432/systick.c", line 301: error #167: too few arguments in function call
"E:/MSP432/systick.c", line 302: error #167: too few arguments in function call
"E:/MSP432/systick.c", line 303: error #167: too few arguments in function call
"E:/MSP432/systick.c", line 318: error #167: too few arguments in function call
"E:/MSP432/systick.c", line 323: warning #225-D: function "OLED_ShowCHinese" declared implicitly
"E:/MSP432/systick.c", line 334: error #167: too few arguments in function call
"E:/MSP432/systick.c", line 335: error #167: too few arguments in function call
"E:/MSP432/systick.c", line 337: error #167: too few arguments in function call
"E:/MSP432/systick.c", line 346: warning #225-D: function "OLED_ShowCHinese" declared implicitly
"E:/MSP432/systick.c", line 357: error #167: too few arguments in function call
"E:/MSP432/systick.c", line 358: error #167: too few arguments in function call
"E:/MSP432/systick.c", line 359: error #167: too few arguments in function call
"E:/MSP432/systick.c", line 360: error #167: too few arguments in function call
"E:/MSP432/systick.c", line 375: error #167: too few arguments in function call
"E:/MSP432/systick.c", line 380: warning #225-D: function "OLED_ShowCHinese" declared implicitly
"E:/MSP432/systick.c", line 391: error #167: too few arguments in function call
"E:/MSP432/systick.c", line 392: error #167: too few arguments in function call
"E:/MSP432/systick.c", line 393: error #167: too few arguments in function call
"E:/MSP432/systick.c", line 403: warning #225-D: function "OLED_ShowCHinese" declared implicitly
"E:/MSP432/systick.c", line 414: error #167: too few arguments in function call
"E:/MSP432/systick.c", line 415: error #167: too few arguments in function call
"E:/MSP432/systick.c", line 416: error #167: too few arguments in function call
"E:/MSP432/systick.c", line 417: error #167: too few arguments in function call
"E:/MSP432/systick.c", line 432: error #167: too few arguments in function call
"E:/MSP432/systick.c", line 438: warning #225-D: function "OLED_ShowCHinese" declared implicitly
"E:/MSP432/systick.c", line 447: error #167: too few arguments in function call
"E:/MSP432/systick.c", line 448: error #167: too few arguments in function call
"E:/MSP432/systick.c", line 456: warning #225-D: function "OLED_ShowCHinese" declared implicitly
"E:/MSP432/systick.c", line 466: error #167: too few arguments in function call
"E:/MSP432/systick.c", line 467: error #167: too few arguments in function call
"E:/MSP432/systick.c", line 468: error #167: too few arguments in function call
"E:/MSP432/systick.c", line 483: error #167: too few arguments in function call
"E:/MSP432/systick.c", line 487: warning #225-D: function "OLED_ShowCHinese" declared implicitly
"E:/MSP432/systick.c", line 497: error #167: too few arguments in function call
"E:/MSP432/systick.c", line 499: error #167: too few arguments in function call
"E:/MSP432/systick.c", line 507: warning #225-D: function "OLED_ShowCHinese" declared implicitly
"E:/MSP432/systick.c", line 517: error #167: too few arguments in function call
"E:/MSP432/systick.c", line 518: error #167: too few arguments in function call
"E:/MSP432/systick.c", line 519: error #167: too few arguments in function call
"E:/MSP432/systick.c", line 534: error #167: too few arguments in function call
"E:/MSP432/systick.c", line 538: warning #225-D: function "OLED_ShowCHinese" declared implicitly
"E:/MSP432/systick.c", line 548: error #167: too few arguments in function call
"E:/MSP432/systick.c", line 549: error #167: too few arguments in function call
"E:/MSP432/systick.c", line 558: warning #225-D: function "OLED_ShowCHinese" declared implicitly
"E:/MSP432/systick.c", line 568: error #167: too few arguments in function call
"E:/MSP432/systick.c", line 569: error #167: too few arguments in function call
"E:/MSP432/systick.c", line 570: error #167: too few arguments in function call
"E:/MSP432/systick.c", line 583: warning #225-D: function "OLED_ShowCHinese" declared implicitly
"E:/MSP432/systick.c", line 585: error #167: too few arguments in function call
"E:/MSP432/systick.c", line 587: error #167: too few arguments in function call
"E:/MSP432/systick.c", line 589: error #167: too few arguments in function call
"E:/MSP432/systick.c", line 640: warning #225-D: function "OLED_ShowCHinese" declared implicitly
"E:/MSP432/systick.c", line 642: error #167: too few arguments in function call
"E:/MSP432/systick.c", line 644: error #167: too few arguments in function call
"E:/MSP432/systick.c", line 646: error #167: too few arguments in function call
"E:/MSP432/systick.c", line 649: error #167: too few arguments in function call
"E:/MSP432/systick.c", line 651: error #167: too few arguments in function call
"E:/MSP432/systick.c", line 653: error #167: too few arguments in function call
"E:/MSP432/systick.c", line 656: error #167: too few arguments in function call
"E:/MSP432/systick.c", line 658: error #167: too few arguments in function call
"E:/MSP432/systick.c", line 660: error #167: too few arguments in function call
"E:/MSP432/systick.c", line 663: error #167: too few arguments in function call
"E:/MSP432/systick.c", line 665: error #167: too few arguments in function call
"E:/MSP432/systick.c", line 667: error #167: too few arguments in function call
"E:/MSP432/systick.c", line 672: warning #225-D: function "OLED_ShowCHinese" declared implicitly
"E:/MSP432/systick.c", line 674: error #167: too few arguments in function call
"E:/MSP432/systick.c", line 676: error #167: too few arguments in function call
"E:/MSP432/systick.c", line 678: error #167: too few arguments in function call
"E:/MSP432/systick.c", line 682: error #167: too few arguments in function call
"E:/MSP432/systick.c", line 685: error #167: too few arguments in function call
"E:/MSP432/systick.c", line 689: error #167: too few arguments in function call
"E:/MSP432/systick.c", line 698: error #167: too few arguments in function call
"E:/MSP432/systick.c", line 699: warning #225-D: function "OLED_ShowCHinese" declared implicitly
"E:/MSP432/systick.c", line 701: error #167: too few arguments in function call
"E:/MSP432/systick.c", line 703: error #167: too few arguments in function call
"E:/MSP432/systick.c", line 705: error #167: too few arguments in function call
"E:/MSP432/systick.c", line 709: error #167: too few arguments in function call
"E:/MSP432/systick.c", line 712: error #167: too few arguments in function call
Error limit reached.
100 errors detected in the compilation of "E:/MSP432/systick.c".
Compilation terminated.
gmake: *** [systick.obj] Error 1
Building file: "../startup_msp432p401r_ccs.c"
Invoking: Arm Compiler
"C:/ti/ccs1100/ccs/tools/compiler/ti-cgt-arm_20.2.5.LTS/bin/armcl" -mv7M4 --code_state=16 --float_support=FPv4SPD16 -me --include_path="C:/ti/ccs1100/ccs/ccs_base/arm/include" --include_path="C:/ti/simplelink_msp432p4_sdk_3_40_01_02/source" --include_path="C:/ti/ccs1100/ccs/ccs_base/arm/include/CMSIS" --include_path="C:/ti/ccs1100/ccs/workspace/aaa" --include_path="C:/ti/ccs1100/ccs/workspace/inc" --include_path="E:/MSP432" --include_path="C:/ti/ccs1100/ccs/tools/compiler/ti-cgt-arm_20.2.5.LTS/include" --advice:power=all --define=__MSP432P401R__ --define=ccs -g --gcc --diag_warning=225 --diag_wrap=off --display_error_number --abi=eabi --preproc_with_compile --preproc_dependency="startup_msp432p401r_ccs.d_raw"  "../startup_msp432p401r_ccs.c"
Finished building: "../startup_msp432p401r_ccs.c"
 
Building file: "E:/MSP432/usart.c"
Invoking: Arm Compiler
"C:/ti/ccs1100/ccs/tools/compiler/ti-cgt-arm_20.2.5.LTS/bin/armcl" -mv7M4 --code_state=16 --float_support=FPv4SPD16 -me --include_path="C:/ti/ccs1100/ccs/ccs_base/arm/include" --include_path="C:/ti/simplelink_msp432p4_sdk_3_40_01_02/source" --include_path="C:/ti/ccs1100/ccs/ccs_base/arm/include/CMSIS" --include_path="C:/ti/ccs1100/ccs/workspace/aaa" --include_path="C:/ti/ccs1100/ccs/workspace/inc" --include_path="E:/MSP432" --include_path="C:/ti/ccs1100/ccs/tools/compiler/ti-cgt-arm_20.2.5.LTS/include" --advice:power=all --define=__MSP432P401R__ --define=ccs -g --gcc --diag_warning=225 --diag_wrap=off --display_error_number --abi=eabi --preproc_with_compile --preproc_dependency="usart.d_raw"  "E:/MSP432/usart.c"
 
>> Compilation failure
subdir_rules.mk:65: recipe for target 'usart.obj' failed
"E:/MSP432/usart.c", line 54: remark #1532-D: (ULP 5.3) Detected printf() operation(s). Recommend moving them to RAM during run time or not using as these are processing/power intensive
"E:/MSP432/usart.c", line 123: error #137: struct "ds1302time" has no field "minute"
"E:/MSP432/usart.c", line 124: error #137: struct "ds1302time" has no field "second"
"E:/MSP432/usart.c", line 144: remark #1527-D: (ULP 2.1) Detected SW delay loop using empty loop. Recommend using a timer module instead
2 errors detected in the compilation of "E:/MSP432/usart.c".
gmake: *** [usart.obj] Error 1
Building file: "../system_msp432p401r.c"
Invoking: Arm Compiler
"C:/ti/ccs1100/ccs/tools/compiler/ti-cgt-arm_20.2.5.LTS/bin/armcl" -mv7M4 --code_state=16 --float_support=FPv4SPD16 -me --include_path="C:/ti/ccs1100/ccs/ccs_base/arm/include" --include_path="C:/ti/simplelink_msp432p4_sdk_3_40_01_02/source" --include_path="C:/ti/ccs1100/ccs/ccs_base/arm/include/CMSIS" --include_path="C:/ti/ccs1100/ccs/workspace/aaa" --include_path="C:/ti/ccs1100/ccs/workspace/inc" --include_path="E:/MSP432" --include_path="C:/ti/ccs1100/ccs/tools/compiler/ti-cgt-arm_20.2.5.LTS/include" --advice:power=all --define=__MSP432P401R__ --define=ccs -g --gcc --diag_warning=225 --diag_wrap=off --display_error_number --abi=eabi --preproc_with_compile --preproc_dependency="system_msp432p401r.d_raw"  "../system_msp432p401r.c"
"../system_msp432p401r.c", line 156: remark #2624-D: (ULP 5.4) Detected an assignment to a type with size less than int. To avoid unnecessary sign extension, use int-sized types for local varaibles and convert to smaller types for static storage.
"../system_msp432p401r.c", line 189: remark #2624-D: (ULP 5.4) Detected an assignment to a type with size less than int. To avoid unnecessary sign extension, use int-sized types for local varaibles and convert to smaller types for static storage.
Finished building: "../system_msp432p401r.c"
 
Building file: "../main.c"
Invoking: Arm Compiler
"C:/ti/ccs1100/ccs/tools/compiler/ti-cgt-arm_20.2.5.LTS/bin/armcl" -mv7M4 --code_state=16 --float_support=FPv4SPD16 -me --include_path="C:/ti/ccs1100/ccs/ccs_base/arm/include" --include_path="C:/ti/simplelink_msp432p4_sdk_3_40_01_02/source" --include_path="C:/ti/ccs1100/ccs/ccs_base/arm/include/CMSIS" --include_path="C:/ti/ccs1100/ccs/workspace/aaa" --include_path="C:/ti/ccs1100/ccs/workspace/inc" --include_path="E:/MSP432" --include_path="C:/ti/ccs1100/ccs/tools/compiler/ti-cgt-arm_20.2.5.LTS/include" --advice:power=all --define=__MSP432P401R__ --define=ccs -g --gcc --diag_warning=225 --diag_wrap=off --display_error_number --abi=eabi --preproc_with_compile --preproc_dependency="main.d_raw"  "../main.c"
"../main.c", line 413: remark #1527-D: (ULP 2.1) Detected SW delay loop using empty loop. Recommend using a timer module instead
"../main.c", line 419: remark #1527-D: (ULP 2.1) Detected SW delay loop using empty loop. Recommend using a timer module instead
"../main.c", line 425: remark #1527-D: (ULP 2.1) Detected SW delay loop using empty loop. Recommend using a timer module instead
"../main.c", line 430: remark #1527-D: (ULP 2.1) Detected SW delay loop using empty loop. Recommend using a timer module instead
"../main.c", line 435: remark #1527-D: (ULP 2.1) Detected SW delay loop using empty loop. Recommend using a timer module instead
"../main.c", line 441: remark #1527-D: (ULP 2.1) Detected SW delay loop using empty loop. Recommend using a timer module instead
"../main.c", line 448: remark #1527-D: (ULP 2.1) Detected SW delay loop using empty loop. Recommend using a timer module instead
"../main.c", line 456: remark #1527-D: (ULP 2.1) Detected SW delay loop using empty loop. Recommend using a timer module instead
"../main.c", line 467: warning #169-D: argument of type "char *" is incompatible with parameter of type "unsigned char *"
Finished building: "../main.c"
 
Building file: "C:/ti/ccs1100/ccs/workspace/inc/oled.c"
Invoking: Arm Compiler
"C:/ti/ccs1100/ccs/tools/compiler/ti-cgt-arm_20.2.5.LTS/bin/armcl" -mv7M4 --code_state=16 --float_support=FPv4SPD16 -me --include_path="C:/ti/ccs1100/ccs/ccs_base/arm/include" --include_path="C:/ti/simplelink_msp432p4_sdk_3_40_01_02/source" --include_path="C:/ti/ccs1100/ccs/ccs_base/arm/include/CMSIS" --include_path="C:/ti/ccs1100/ccs/workspace/aaa" --include_path="C:/ti/ccs1100/ccs/workspace/inc" --include_path="E:/MSP432" --include_path="C:/ti/ccs1100/ccs/tools/compiler/ti-cgt-arm_20.2.5.LTS/include" --advice:power=all --define=__MSP432P401R__ --define=ccs -g --gcc --diag_warning=225 --diag_wrap=off --display_error_number --abi=eabi --preproc_with_compile --preproc_dependency="oled.d_raw"  "C:/ti/ccs1100/ccs/workspace/inc/oled.c"
"C:/ti/ccs1100/ccs/workspace/inc/oled.c", line 19: remark #1527-D: (ULP 2.1) Detected SW delay loop using empty loop. Recommend using a timer module instead
"C:/ti/ccs1100/ccs/workspace/inc/oled.c", line 73: remark #2624-D: (ULP 5.4) Detected an assignment to a type with size less than int. To avoid unnecessary sign extension, use int-sized types for local varaibles and convert to smaller types for static storage.
"C:/ti/ccs1100/ccs/workspace/inc/oled.c", line 61: remark #2624-D: (ULP 5.4) Detected an assignment to a type with size less than int. To avoid unnecessary sign extension, use int-sized types for local varaibles and convert to smaller types for static storage.
"C:/ti/ccs1100/ccs/workspace/inc/oled.c", line 110: remark #2624-D: (ULP 5.4) Detected an assignment to a type with size less than int. To avoid unnecessary sign extension, use int-sized types for local varaibles and convert to smaller types for static storage.
"C:/ti/ccs1100/ccs/workspace/inc/oled.c", line 105: remark #2624-D: (ULP 5.4) Detected an assignment to a type with size less than int. To avoid unnecessary sign extension, use int-sized types for local varaibles and convert to smaller types for static storage.
"C:/ti/ccs1100/ccs/workspace/inc/oled.c", line 124: remark #2624-D: (ULP 5.4) Detected an assignment to a type with size less than int. To avoid unnecessary sign extension, use int-sized types for local varaibles and convert to smaller types for static storage.
"C:/ti/ccs1100/ccs/workspace/inc/oled.c", line 128: remark #2624-D: (ULP 5.4) Detected an assignment to a type with size less than int. To avoid unnecessary sign extension, use int-sized types for local varaibles and convert to smaller types for static storage.
"C:/ti/ccs1100/ccs/workspace/inc/oled.c", line 139: remark #2624-D: (ULP 5.4) Detected an assignment to a type with size less than int. To avoid unnecessary sign extension, use int-sized types for local varaibles and convert to smaller types for static storage.
"C:/ti/ccs1100/ccs/workspace/inc/oled.c", line 154: remark #2624-D: (ULP 5.4) Detected an assignment to a type with size less than int. To avoid unnecessary sign extension, use int-sized types for local varaibles and convert to smaller types for static storage.
"C:/ti/ccs1100/ccs/workspace/inc/oled.c", line 152: remark #2624-D: (ULP 5.4) Detected an assignment to a type with size less than int. To avoid unnecessary sign extension, use int-sized types for local varaibles and convert to smaller types for static storage.
"C:/ti/ccs1100/ccs/workspace/inc/oled.c", line 172: remark #2624-D: (ULP 5.4) Detected an assignment to a type with size less than int. To avoid unnecessary sign extension, use int-sized types for local varaibles and convert to smaller types for static storage.
"C:/ti/ccs1100/ccs/workspace/inc/oled.c", line 173: remark #2624-D: (ULP 5.4) Detected an assignment to a type with size less than int. To avoid unnecessary sign extension, use int-sized types for local varaibles and convert to smaller types for static storage.
"C:/ti/ccs1100/ccs/workspace/inc/oled.c", line 174: remark #2624-D: (ULP 5.4) Detected an assignment to a type with size less than int. To avoid unnecessary sign extension, use int-sized types for local varaibles and convert to smaller types for static storage.
"C:/ti/ccs1100/ccs/workspace/inc/oled.c", line 183: remark #2624-D: (ULP 5.4) Detected an assignment to a type with size less than int. To avoid unnecessary sign extension, use int-sized types for local varaibles and convert to smaller types for static storage.
"C:/ti/ccs1100/ccs/workspace/inc/oled.c", line 199: remark #2624-D: (ULP 5.4) Detected an assignment to a type with size less than int. To avoid unnecessary sign extension, use int-sized types for local varaibles and convert to smaller types for static storage.
"C:/ti/ccs1100/ccs/workspace/inc/oled.c", line 203: remark #2624-D: (ULP 5.4) Detected an assignment to a type with size less than int. To avoid unnecessary sign extension, use int-sized types for local varaibles and convert to smaller types for static storage.
"C:/ti/ccs1100/ccs/workspace/inc/oled.c", line 200: remark #2624-D: (ULP 5.4) Detected an assignment to a type with size less than int. To avoid unnecessary sign extension, use int-sized types for local varaibles and convert to smaller types for static storage.
Finished building: "C:/ti/ccs1100/ccs/workspace/inc/oled.c"
 
gmake: Target 'all' not remade because of errors.

**** Build Finished ****
